<?xml version="1.0" encoding="UTF-8"?>
<!-- Generated by org.testng.reporters.JUnitXMLReporter -->
<testsuite hostname="LAPTOP-A8332NNU" ignored="0" name="Test" tests="1" failures="1" timestamp="13 Jul 2018 07:58:25 GMT" time="1.43" errors="0">
  <testcase name="setup" time="1.353" classname="com.Mav.MAA.Demo">
    <failure type="java.lang.NoClassDefFoundError" message="org/apache/commons/exec/DefaultExecuteResultHandler">
      <![CDATA[java.lang.NoClassDefFoundError: org/apache/commons/exec/DefaultExecuteResultHandler
at org.openqa.selenium.os.OsProcess.<init>(OsProcess.java:52)
at org.openqa.selenium.os.CommandLine.<init>(CommandLine.java:38)
at org.openqa.selenium.remote.service.DriverService.start(DriverService.java:173)
at org.openqa.selenium.remote.service.DriverCommandExecutor.execute(DriverCommandExecutor.java:79)
at org.openqa.selenium.remote.RemoteWebDriver.execute(RemoteWebDriver.java:545)
at org.openqa.selenium.remote.RemoteWebDriver.startSession(RemoteWebDriver.java:209)
at org.openqa.selenium.remote.RemoteWebDriver.<init>(RemoteWebDriver.java:132)
at org.openqa.selenium.chrome.ChromeDriver.<init>(ChromeDriver.java:181)
at org.openqa.selenium.chrome.ChromeDriver.<init>(ChromeDriver.java:168)
at org.openqa.selenium.chrome.ChromeDriver.<init>(ChromeDriver.java:123)
at com.Mav.MAA.Demo.setup(Demo.java:15)
Caused by: java.lang.ClassNotFoundException: org.apache.commons.exec.DefaultExecuteResultHandler
at java.net.URLClassLoader.findClass(URLClassLoader.java:381)
at java.lang.ClassLoader.loadClass(ClassLoader.java:424)
at sun.misc.Launcher$AppClassLoader.loadClass(Launcher.java:338)
at java.lang.ClassLoader.loadClass(ClassLoader.java:357)
... 36 more
... Removed 25 stack frames]]>
    </failure>
  </testcase> <!-- setup -->
</testsuite> <!-- Test -->
