<?xml version="1.0" encoding="UTF-8"?>
<testng-results skipped="0" failed="0" ignored="0" total="1" passed="1">
  <reporter-output>
  </reporter-output>
  <suite name="Suite" duration-ms="38031" started-at="2018-07-13T17:12:19Z" finished-at="2018-07-13T17:12:57Z">
    <groups>
    </groups>
    <test name="Test" duration-ms="38031" started-at="2018-07-13T17:12:19Z" finished-at="2018-07-13T17:12:57Z">
      <class name="com.Mav.MAA.MavenScripts">
        <test-method status="PASS" signature="setupt()[pri:0, instance:com.Mav.MAA.MavenScripts@366e2eef]" name="setupt" duration-ms="37999" started-at="2018-07-13T17:12:19Z" finished-at="2018-07-13T17:12:57Z">
          <reporter-output>
          </reporter-output>
        </test-method> <!-- setupt -->
      </class> <!-- com.Mav.MAA.MavenScripts -->
    </test> <!-- Test -->
  </suite> <!-- Suite -->
</testng-results>
