<?xml version="1.0" encoding="UTF-8"?>
<testng-results skipped="0" failed="0" ignored="0" total="1" passed="1">
  <reporter-output>
  </reporter-output>
  <suite name="Default suite" duration-ms="40779" started-at="2018-07-27T16:57:52Z" finished-at="2018-07-27T16:58:33Z">
    <groups>
    </groups>
    <test name="Default test" duration-ms="40779" started-at="2018-07-27T16:57:52Z" finished-at="2018-07-27T16:58:33Z">
      <class name="com.Mav.MAA.MavenScripts">
        <test-method status="PASS" signature="extent()[pri:0, instance:com.Mav.MAA.MavenScripts@f6c48ac]" name="extent" is-config="true" duration-ms="396" started-at="2018-07-27T16:57:52Z" finished-at="2018-07-27T16:57:53Z">
          <reporter-output>
          </reporter-output>
        </test-method> <!-- extent -->
        <test-method status="PASS" signature="setupt()[pri:0, instance:com.Mav.MAA.MavenScripts@f6c48ac]" name="setupt" duration-ms="39719" started-at="2018-07-27T16:57:53Z" finished-at="2018-07-27T16:58:32Z">
          <reporter-output>
          </reporter-output>
        </test-method> <!-- setupt -->
        <test-method status="PASS" signature="teardown()[pri:0, instance:com.Mav.MAA.MavenScripts@f6c48ac]" name="teardown" is-config="true" duration-ms="613" started-at="2018-07-27T16:58:32Z" finished-at="2018-07-27T16:58:33Z">
          <reporter-output>
          </reporter-output>
        </test-method> <!-- teardown -->
      </class> <!-- com.Mav.MAA.MavenScripts -->
    </test> <!-- Default test -->
  </suite> <!-- Default suite -->
</testng-results>
